Build started 2010-09-09 21:12:43.
     1>Project "D:\2rok\C++\project01\project01\project01.vcxproj" on node 2 (build target(s)).
     1>InitializeBuildStatus:
         Creating "Release\project01.unsuccessfulbuild" because "AlwaysCreate" was specified.
       ClCompile:
         C:\Program Files\Microsoft Visual Studio 10.0\VC\bin\CL.exe /c /Zi /nologo /W3 /WX- /O2 /Oi /Oy- /GL /D _MBCS /Gm- /EHsc /MD /GS /Gy /fp:precise /Zc:wchar_t /Zc:forScope /Fo"Release\\" /Fd"Release\vc100.pdb" /Gd /TP /analyze- /errorReport:prompt main.cpp
         main.cpp
     1>main.cpp(43): warning C4996: 'getch': The POSIX name for this item is deprecated. Instead, use the ISO C++ conformant name: _getch. See online help for details.
                 C:\Program Files\Microsoft Visual Studio 10.0\VC\include\conio.h(128) : see declaration of 'getch'
       Link:
         C:\Program Files\Microsoft Visual Studio 10.0\VC\bin\link.exe /ERRORREPORT:PROMPT /OUT:"D:\2rok\C++\project01\Release\project01.exe" /NOLOGO kernel32.lib user32.lib gdi32.lib winspool.lib comdlg32.lib advapi32.lib shell32.lib ole32.lib oleaut32.lib uuid.lib odbc32.lib odbccp32.lib /MANIFEST /ManifestFile:"Release\project01.exe.intermediate.manifest" /MANIFESTUAC:"level='asInvoker' uiAccess='false'" /DEBUG /PDB:"D:\2rok\C++\project01\Release\project01.pdb" /OPT:REF /OPT:ICF /LTCG /TLBID:1 /DYNAMICBASE /NXCOMPAT /IMPLIB:"D:\2rok\C++\project01\Release\project01.lib" /MACHINE:X86 Release\cEncode.obj
         Release\cKey.obj
         Release\main.obj
         Generating code
         Finished generating code
         project01.vcxproj -> D:\2rok\C++\project01\Release\project01.exe
       Manifest:
         C:\Program Files\Microsoft SDKs\Windows\v7.0A\bin\mt.exe /nologo /verbose /outputresource:"D:\2rok\C++\project01\Release\project01.exe;#1" /manifest Release\project01.exe.intermediate.manifest
       FinalizeBuildStatus:
         Deleting file "Release\project01.unsuccessfulbuild".
         Touching "Release\project01.lastbuildstate".
     1>Done Building Project "D:\2rok\C++\project01\project01\project01.vcxproj" (build target(s)).

Build succeeded.

Time Elapsed 00:00:10.79
